1582390683.470317 client started (19068): version 2.6, socket /tmp/tmux-1001/default, protocol 8
1582390683.470342 on Linux 4.15.0-46-generic #49-Ubuntu SMP Wed Feb 6 09:33:07 UTC 2019; libevent 2.1.8-stable (poll)
1582390683.470355 socket is /tmp/tmux-1001/default
1582390683.470364 trying connect
1582390683.470414 add peer 0x55aa07893990: 6 ((nil))
1582390683.470457 sending message 100 to peer 0x55aa07893990 (4 bytes)
1582390683.470462 sending message 101 to peer 0x55aa07893990 (7 bytes)
1582390683.470465 sending message 102 to peer 0x55aa07893990 (11 bytes)
1582390683.470468 sending message 108 to peer 0x55aa07893990 (33 bytes)
1582390683.470472 sending message 104 to peer 0x55aa07893990 (0 bytes)
1582390683.470475 sending message 107 to peer 0x55aa07893990 (4 bytes)
1582390683.470478 sending message 105 to peer 0x55aa07893990 (14 bytes)
1582390683.470483 sending message 105 to peer 0x55aa07893990 (41 bytes)
1582390683.470486 sending message 105 to peer 0x55aa07893990 (1516 bytes)
1582390683.470494 sending message 105 to peer 0x55aa07893990 (63 bytes)
1582390683.470497 sending message 105 to peer 0x55aa07893990 (27 bytes)
1582390683.470500 sending message 105 to peer 0x55aa07893990 (53 bytes)
1582390683.470503 sending message 105 to peer 0x55aa07893990 (34 bytes)
1582390683.470506 sending message 105 to peer 0x55aa07893990 (21 bytes)
1582390683.470508 sending message 105 to peer 0x55aa07893990 (24 bytes)
1582390683.470511 sending message 105 to peer 0x55aa07893990 (39 bytes)
1582390683.470514 sending message 105 to peer 0x55aa07893990 (17 bytes)
1582390683.470517 sending message 105 to peer 0x55aa07893990 (23 bytes)
1582390683.470520 sending message 105 to peer 0x55aa07893990 (20 bytes)
1582390683.470523 sending message 105 to peer 0x55aa07893990 (7 bytes)
1582390683.470526 sending message 105 to peer 0x55aa07893990 (20 bytes)
1582390683.470528 sending message 105 to peer 0x55aa07893990 (18 bytes)
1582390683.470531 sending message 105 to peer 0x55aa07893990 (10 bytes)
1582390683.470534 sending message 105 to peer 0x55aa07893990 (33 bytes)
1582390683.470537 sending message 105 to peer 0x55aa07893990 (37 bytes)
1582390683.470540 sending message 105 to peer 0x55aa07893990 (16 bytes)
1582390683.470543 sending message 105 to peer 0x55aa07893990 (71 bytes)
1582390683.470546 sending message 105 to peer 0x55aa07893990 (20 bytes)
1582390683.470548 sending message 105 to peer 0x55aa07893990 (35 bytes)
1582390683.470552 sending message 105 to peer 0x55aa07893990 (28 bytes)
1582390683.470554 sending message 105 to peer 0x55aa07893990 (36 bytes)
1582390683.470557 sending message 105 to peer 0x55aa07893990 (65 bytes)
1582390683.470560 sending message 105 to peer 0x55aa07893990 (11 bytes)
1582390683.470563 sending message 105 to peer 0x55aa07893990 (78 bytes)
1582390683.470566 sending message 105 to peer 0x55aa07893990 (23 bytes)
1582390683.470569 sending message 105 to peer 0x55aa07893990 (23 bytes)
1582390683.470572 sending message 105 to peer 0x55aa07893990 (20 bytes)
1582390683.470575 sending message 105 to peer 0x55aa07893990 (12 bytes)
1582390683.470578 sending message 105 to peer 0x55aa07893990 (16 bytes)
1582390683.470581 sending message 105 to peer 0x55aa07893990 (13 bytes)
1582390683.470584 sending message 105 to peer 0x55aa07893990 (8 bytes)
1582390683.470586 sending message 105 to peer 0x55aa07893990 (17 bytes)
1582390683.470589 sending message 105 to peer 0x55aa07893990 (15 bytes)
1582390683.470592 sending message 105 to peer 0x55aa07893990 (25 bytes)
1582390683.470595 sending message 105 to peer 0x55aa07893990 (13 bytes)
1582390683.470598 sending message 105 to peer 0x55aa07893990 (54 bytes)
1582390683.470601 sending message 105 to peer 0x55aa07893990 (31 bytes)
1582390683.470604 sending message 105 to peer 0x55aa07893990 (517 bytes)
1582390683.470607 sending message 105 to peer 0x55aa07893990 (30 bytes)
1582390683.470610 sending message 105 to peer 0x55aa07893990 (25 bytes)
1582390683.470612 sending message 105 to peer 0x55aa07893990 (32 bytes)
1582390683.470615 sending message 105 to peer 0x55aa07893990 (20 bytes)
1582390683.470618 sending message 105 to peer 0x55aa07893990 (16 bytes)
1582390683.470626 sending message 105 to peer 0x55aa07893990 (16 bytes)
1582390683.470629 sending message 106 to peer 0x55aa07893990 (0 bytes)
1582390683.470632 sending message 200 to peer 0x55aa07893990 (4 bytes)
1582390683.470635 client loop enter
1582390683.470920 peer 0x55aa07893990 message 211
1582390683.470934 peer 0x55aa07893990 message 203
1582390683.470937 client loop exit
